This file contains any messages produced by compilers while
running configure, to aid debugging if configure makes a mistake.

It was created by CPSP configure 2.4.6, which was
generated by GNU Autoconf 2.66.  Invocation command line was

  $ ./configure --prefix=/home/videmp/Downloads/cpsp-2.4.6/install_dir

## --------- ##
## Platform. ##
## --------- ##

hostname = videmp-work
uname -m = x86_64
uname -r = 3.13.0-46-generic
uname -s = Linux
uname -v = #77-Ubuntu SMP Mon Mar 2 18:23:39 UTC 2015

/usr/bin/uname -p = unknown
/bin/uname -X     = unknown

/bin/arch              = unknown
/usr/bin/arch -k       = unknown
/usr/convex/getsysinfo = unknown
/usr/bin/hostinfo      = unknown
/bin/machine           = unknown
/usr/bin/oslevel       = unknown
/bin/universe          = unknown

PATH: /home/videmp/bin
PATH: /usr/local/sbin
PATH: /usr/local/bin
PATH: /usr/sbin
PATH: /usr/bin
PATH: /sbin
PATH: /bin
PATH: /usr/games
PATH: /usr/local/games
PATH: /home/videmp/.local/bin


## ----------- ##
## Core tests. ##
## ----------- ##

configure:2223: checking build system type
configure:2237: result: x86_64-unknown-linux-gnu
configure:2257: checking host system type
configure:2270: result: x86_64-unknown-linux-gnu
configure:2367: checking for g++
configure:2383: found /usr/bin/g++
configure:2394: result: g++
configure:2421: checking for C++ compiler version
configure:2430: g++ --version >&5
g++ (Ubuntu 4.8.2-19ubuntu1) 4.8.2
Copyright (C) 2013 Free Software Foundation, Inc.
This is free software; see the source for copying conditions.  There is NO
warranty; not even for MERCHANTABILITY or FITNESS FOR A PARTICULAR PURPOSE.

configure:2441: $? = 0
configure:2430: g++ -v >&5
Using built-in specs.
COLLECT_GCC=g++
COLLECT_LTO_WRAPPER=/usr/lib/gcc/x86_64-linux-gnu/4.8/lto-wrapper
Target: x86_64-linux-gnu
Configured with: ../src/configure -v --with-pkgversion='Ubuntu 4.8.2-19ubuntu1' --with-bugurl=file:///usr/share/doc/gcc-4.8/README.Bugs --enable-languages=c,c++,java,go,d,fortran,objc,obj-c++ --prefix=/usr --program-suffix=-4.8 --enable-shared --enable-linker-build-id --libexecdir=/usr/lib --without-included-gettext --enable-threads=posix --with-gxx-include-dir=/usr/include/c++/4.8 --libdir=/usr/lib --enable-nls --with-sysroot=/ --enable-clocale=gnu --enable-libstdcxx-debug --enable-libstdcxx-time=yes --enable-gnu-unique-object --disable-libmudflap --enable-plugin --with-system-zlib --disable-browser-plugin --enable-java-awt=gtk --enable-gtk-cairo --with-java-home=/usr/lib/jvm/java-1.5.0-gcj-4.8-amd64/jre --enable-java-home --with-jvm-root-dir=/usr/lib/jvm/java-1.5.0-gcj-4.8-amd64 --with-jvm-jar-dir=/usr/lib/jvm-exports/java-1.5.0-gcj-4.8-amd64 --with-arch-directory=amd64 --with-ecj-jar=/usr/share/java/eclipse-ecj.jar --enable-objc-gc --enable-multiarch --disable-werror --with-arch-32=i686 --with-abi=m64 --with-multilib-list=m32,m64,mx32 --with-tune=generic --enable-checking=release --build=x86_64-linux-gnu --host=x86_64-linux-gnu --target=x86_64-linux-gnu
Thread model: posix
gcc version 4.8.2 (Ubuntu 4.8.2-19ubuntu1) 
configure:2441: $? = 0
configure:2430: g++ -V >&5
g++: error: unrecognized command line option '-V'
g++: fatal error: no input files
compilation terminated.
configure:2441: $? = 4
configure:2430: g++ -qversion >&5
g++: error: unrecognized command line option '-qversion'
g++: fatal error: no input files
compilation terminated.
configure:2441: $? = 4
configure:2461: checking whether the C++ compiler works
configure:2483: g++    conftest.cpp  >&5
configure:2487: $? = 0
configure:2535: result: yes
configure:2538: checking for C++ compiler default output file name
configure:2540: result: a.out
configure:2546: checking for suffix of executables
configure:2553: g++ -o conftest    conftest.cpp  >&5
configure:2557: $? = 0
configure:2579: result: 
configure:2601: checking whether we are cross compiling
configure:2609: g++ -o conftest    conftest.cpp  >&5
configure:2613: $? = 0
configure:2620: ./conftest
configure:2624: $? = 0
configure:2639: result: no
configure:2644: checking for suffix of object files
configure:2666: g++ -c   conftest.cpp >&5
configure:2670: $? = 0
configure:2691: result: o
configure:2695: checking whether we are using the GNU C++ compiler
configure:2714: g++ -c   conftest.cpp >&5
configure:2714: $? = 0
configure:2723: result: yes
configure:2732: checking whether g++ accepts -g
configure:2752: g++ -c -g  conftest.cpp >&5
configure:2752: $? = 0
configure:2793: result: yes
configure:2864: checking for gcc
configure:2880: found /usr/bin/gcc
configure:2891: result: gcc
configure:3120: checking for C compiler version
configure:3129: gcc --version >&5
gcc (Ubuntu 4.8.2-19ubuntu1) 4.8.2
Copyright (C) 2013 Free Software Foundation, Inc.
This is free software; see the source for copying conditions.  There is NO
warranty; not even for MERCHANTABILITY or FITNESS FOR A PARTICULAR PURPOSE.

configure:3140: $? = 0
configure:3129: gcc -v >&5
Using built-in specs.
COLLECT_GCC=gcc
COLLECT_LTO_WRAPPER=/usr/lib/gcc/x86_64-linux-gnu/4.8/lto-wrapper
Target: x86_64-linux-gnu
Configured with: ../src/configure -v --with-pkgversion='Ubuntu 4.8.2-19ubuntu1' --with-bugurl=file:///usr/share/doc/gcc-4.8/README.Bugs --enable-languages=c,c++,java,go,d,fortran,objc,obj-c++ --prefix=/usr --program-suffix=-4.8 --enable-shared --enable-linker-build-id --libexecdir=/usr/lib --without-included-gettext --enable-threads=posix --with-gxx-include-dir=/usr/include/c++/4.8 --libdir=/usr/lib --enable-nls --with-sysroot=/ --enable-clocale=gnu --enable-libstdcxx-debug --enable-libstdcxx-time=yes --enable-gnu-unique-object --disable-libmudflap --enable-plugin --with-system-zlib --disable-browser-plugin --enable-java-awt=gtk --enable-gtk-cairo --with-java-home=/usr/lib/jvm/java-1.5.0-gcj-4.8-amd64/jre --enable-java-home --with-jvm-root-dir=/usr/lib/jvm/java-1.5.0-gcj-4.8-amd64 --with-jvm-jar-dir=/usr/lib/jvm-exports/java-1.5.0-gcj-4.8-amd64 --with-arch-directory=amd64 --with-ecj-jar=/usr/share/java/eclipse-ecj.jar --enable-objc-gc --enable-multiarch --disable-werror --with-arch-32=i686 --with-abi=m64 --with-multilib-list=m32,m64,mx32 --with-tune=generic --enable-checking=release --build=x86_64-linux-gnu --host=x86_64-linux-gnu --target=x86_64-linux-gnu
Thread model: posix
gcc version 4.8.2 (Ubuntu 4.8.2-19ubuntu1) 
configure:3140: $? = 0
configure:3129: gcc -V >&5
gcc: error: unrecognized command line option '-V'
gcc: fatal error: no input files
compilation terminated.
configure:3140: $? = 4
configure:3129: gcc -qversion >&5
gcc: error: unrecognized command line option '-qversion'
gcc: fatal error: no input files
compilation terminated.
configure:3140: $? = 4
configure:3144: checking whether we are using the GNU C compiler
configure:3163: gcc -c   conftest.c >&5
configure:3163: $? = 0
configure:3172: result: yes
configure:3181: checking whether gcc accepts -g
configure:3201: gcc -c -g  conftest.c >&5
configure:3201: $? = 0
configure:3242: result: yes
configure:3259: checking for gcc option to accept ISO C89
configure:3323: gcc  -c -g -O2  conftest.c >&5
configure:3323: $? = 0
configure:3336: result: none needed
configure:3399: checking for ranlib
configure:3415: found /usr/bin/ranlib
configure:3426: result: ranlib
configure:3453: checking whether to build with debug information
configure:3462: result: no
configure:3582: checking for doxygen
configure:3615: result: no
configure:3635: WARNING: doxygen not found - will not generate any doxygen documentation
configure:3688: checking for perl
configure:3706: found /usr/bin/perl
configure:3718: result: /usr/bin/perl
configure:5427: checking for a BSD-compatible install
configure:5495: result: /usr/bin/install -c
configure:5506: checking whether build environment is sane
configure:5556: result: yes
configure:5697: checking for a thread-safe mkdir -p
configure:5736: result: /bin/mkdir -p
configure:5749: checking for gawk
configure:5765: found /usr/bin/gawk
configure:5776: result: gawk
configure:5787: checking whether make sets $(MAKE)
configure:5809: result: yes
configure:5839: checking for style of include used by make
configure:5867: result: GNU
configure:5952: checking dependency style of gcc
configure:6062: result: gcc3
configure:6079: checking dependency style of g++
configure:6189: result: gcc3
configure:6232: checking whether to link only with static libraries
configure:6234: result: no
configure:6304: checking how to run the C++ preprocessor
configure:6331: g++ -E  -O3  conftest.cpp
conftest.cpp:11:0: warning: "__cplusplus" redefined [enabled by default]
 #define __cplusplus 1
 ^
conftest.cpp:1:0: note: this is the location of the previous definition
 /* confdefs.h */
 ^
configure:6331: $? = 0
configure:6345: g++ -E  -O3  conftest.cpp
conftest.cpp:11:0: warning: "__cplusplus" redefined [enabled by default]
 #define __cplusplus 1
 ^
conftest.cpp:1:0: note: this is the location of the previous definition
 /* confdefs.h */
 ^
conftest.cpp:13:28: fatal error: ac_nonexistent.h: No such file or directory
 #include <ac_nonexistent.h>
                            ^
compilation terminated.
configure:6345: $? = 1
configure: failed program was:
| /* confdefs.h */
| #define PACKAGE_NAME "CPSP"
| #define PACKAGE_TARNAME "cpsp"
| #define PACKAGE_VERSION "2.4.6"
| #define PACKAGE_STRING "CPSP 2.4.6"
| #define PACKAGE_BUGREPORT ""
| #define PACKAGE_URL "http://cpsp.informatik.uni-freiburg.de"
| #define NDEBUG 1
| #define PACKAGE "cpsp"
| #define VERSION "2.4.6"
| #define __cplusplus 1
| /* end confdefs.h.  */
| #include <ac_nonexistent.h>
configure:6370: result: g++ -E
configure:6390: g++ -E  -O3  conftest.cpp
conftest.cpp:11:0: warning: "__cplusplus" redefined [enabled by default]
 #define __cplusplus 1
 ^
conftest.cpp:1:0: note: this is the location of the previous definition
 /* confdefs.h */
 ^
configure:6390: $? = 0
configure:6404: g++ -E  -O3  conftest.cpp
conftest.cpp:11:0: warning: "__cplusplus" redefined [enabled by default]
 #define __cplusplus 1
 ^
conftest.cpp:1:0: note: this is the location of the previous definition
 /* confdefs.h */
 ^
conftest.cpp:13:28: fatal error: ac_nonexistent.h: No such file or directory
 #include <ac_nonexistent.h>
                            ^
compilation terminated.
configure:6404: $? = 1
configure: failed program was:
| /* confdefs.h */
| #define PACKAGE_NAME "CPSP"
| #define PACKAGE_TARNAME "cpsp"
| #define PACKAGE_VERSION "2.4.6"
| #define PACKAGE_STRING "CPSP 2.4.6"
| #define PACKAGE_BUGREPORT ""
| #define PACKAGE_URL "http://cpsp.informatik.uni-freiburg.de"
| #define NDEBUG 1
| #define PACKAGE "cpsp"
| #define VERSION "2.4.6"
| #define __cplusplus 1
| /* end confdefs.h.  */
| #include <ac_nonexistent.h>
configure:6433: checking for grep that handles long lines and -e
configure:6491: result: /bin/grep
configure:6496: checking for egrep
configure:6558: result: /bin/grep -E
configure:6563: checking for ANSI C header files
configure:6583: g++ -c   -O3  conftest.cpp >&5
conftest.cpp:11:0: warning: "__cplusplus" redefined [enabled by default]
 #define __cplusplus 1
 ^
conftest.cpp:1:0: note: this is the location of the previous definition
 /* confdefs.h */
 ^
configure:6583: $? = 0
conftest.cpp:11:0: warning: "__cplusplus" redefined [enabled by default]
 #define __cplusplus 1
 ^
conftest.cpp:1:0: note: this is the location of the previous definition
 /* confdefs.h */
 ^
conftest.cpp:11:0: warning: "__cplusplus" redefined [enabled by default]
 #define __cplusplus 1
 ^
conftest.cpp:1:0: note: this is the location of the previous definition
 /* confdefs.h */
 ^
configure:6656: g++ -o conftest   -O3   conftest.cpp -lgecodeminimodel -lgecodeint -lgecodesearch -lgecodekernel -lbiu  >&5
conftest.cpp:11:0: warning: "__cplusplus" redefined [enabled by default]
 #define __cplusplus 1
 ^
conftest.cpp:1:0: note: this is the location of the previous definition
 /* confdefs.h */
 ^
/usr/bin/ld: cannot find -lgecodeminimodel
/usr/bin/ld: cannot find -lgecodeint
/usr/bin/ld: cannot find -lgecodesearch
/usr/bin/ld: cannot find -lgecodekernel
/usr/bin/ld: cannot find -lbiu
collect2: error: ld returned 1 exit status
configure:6656: $? = 1
configure: program exited with status 1
configure: failed program was:
| /* confdefs.h */
| #define PACKAGE_NAME "CPSP"
| #define PACKAGE_TARNAME "cpsp"
| #define PACKAGE_VERSION "2.4.6"
| #define PACKAGE_STRING "CPSP 2.4.6"
| #define PACKAGE_BUGREPORT ""
| #define PACKAGE_URL "http://cpsp.informatik.uni-freiburg.de"
| #define NDEBUG 1
| #define PACKAGE "cpsp"
| #define VERSION "2.4.6"
| #define __cplusplus 1
| /* end confdefs.h.  */
| #include <ctype.h>
| #include <stdlib.h>
| #if ((' ' & 0x0FF) == 0x020)
| # define ISLOWER(c) ('a' <= (c) && (c) <= 'z')
| # define TOUPPER(c) (ISLOWER(c) ? 'A' + ((c) - 'a') : (c))
| #else
| # define ISLOWER(c) 		   (('a' <= (c) && (c) <= 'i') 		     || ('j' <= (c) && (c) <= 'r') 		     || ('s' <= (c) && (c) <= 'z'))
| # define TOUPPER(c) (ISLOWER(c) ? ((c) | 0x40) : (c))
| #endif
| 
| #define XOR(e, f) (((e) && !(f)) || (!(e) && (f)))
| int
| main ()
| {
|   int i;
|   for (i = 0; i < 256; i++)
|     if (XOR (islower (i), ISLOWER (i))
| 	|| toupper (i) != TOUPPER (i))
|       return 2;
|   return 0;
| }
configure:6667: result: no
configure:6680: checking for sys/types.h
configure:6680: g++ -c   -O3  conftest.cpp >&5
conftest.cpp:11:0: warning: "__cplusplus" redefined [enabled by default]
 #define __cplusplus 1
 ^
conftest.cpp:1:0: note: this is the location of the previous definition
 /* confdefs.h */
 ^
configure:6680: $? = 0
configure:6680: result: yes
configure:6680: checking for sys/stat.h
configure:6680: g++ -c   -O3  conftest.cpp >&5
conftest.cpp:11:0: warning: "__cplusplus" redefined [enabled by default]
 #define __cplusplus 1
 ^
conftest.cpp:1:0: note: this is the location of the previous definition
 /* confdefs.h */
 ^
configure:6680: $? = 0
configure:6680: result: yes
configure:6680: checking for stdlib.h
configure:6680: g++ -c   -O3  conftest.cpp >&5
conftest.cpp:11:0: warning: "__cplusplus" redefined [enabled by default]
 #define __cplusplus 1
 ^
conftest.cpp:1:0: note: this is the location of the previous definition
 /* confdefs.h */
 ^
configure:6680: $? = 0
configure:6680: result: yes
configure:6680: checking for string.h
configure:6680: g++ -c   -O3  conftest.cpp >&5
conftest.cpp:11:0: warning: "__cplusplus" redefined [enabled by default]
 #define __cplusplus 1
 ^
conftest.cpp:1:0: note: this is the location of the previous definition
 /* confdefs.h */
 ^
configure:6680: $? = 0
configure:6680: result: yes
configure:6680: checking for memory.h
configure:6680: g++ -c   -O3  conftest.cpp >&5
conftest.cpp:11:0: warning: "__cplusplus" redefined [enabled by default]
 #define __cplusplus 1
 ^
conftest.cpp:1:0: note: this is the location of the previous definition
 /* confdefs.h */
 ^
configure:6680: $? = 0
configure:6680: result: yes
configure:6680: checking for strings.h
configure:6680: g++ -c   -O3  conftest.cpp >&5
conftest.cpp:11:0: warning: "__cplusplus" redefined [enabled by default]
 #define __cplusplus 1
 ^
conftest.cpp:1:0: note: this is the location of the previous definition
 /* confdefs.h */
 ^
configure:6680: $? = 0
configure:6680: result: yes
configure:6680: checking for inttypes.h
configure:6680: g++ -c   -O3  conftest.cpp >&5
conftest.cpp:11:0: warning: "__cplusplus" redefined [enabled by default]
 #define __cplusplus 1
 ^
conftest.cpp:1:0: note: this is the location of the previous definition
 /* confdefs.h */
 ^
configure:6680: $? = 0
configure:6680: result: yes
configure:6680: checking for stdint.h
configure:6680: g++ -c   -O3  conftest.cpp >&5
conftest.cpp:11:0: warning: "__cplusplus" redefined [enabled by default]
 #define __cplusplus 1
 ^
conftest.cpp:1:0: note: this is the location of the previous definition
 /* confdefs.h */
 ^
configure:6680: $? = 0
configure:6680: result: yes
configure:6680: checking for unistd.h
configure:6680: g++ -c   -O3  conftest.cpp >&5
conftest.cpp:11:0: warning: "__cplusplus" redefined [enabled by default]
 #define __cplusplus 1
 ^
conftest.cpp:1:0: note: this is the location of the previous definition
 /* confdefs.h */
 ^
configure:6680: $? = 0
configure:6680: result: yes
configure:6694: checking vector usability
configure:6694: g++ -c   -O3  conftest.cpp >&5
conftest.cpp:11:0: warning: "__cplusplus" redefined [enabled by default]
 #define __cplusplus 1
 ^
conftest.cpp:1:0: note: this is the location of the previous definition
 /* confdefs.h */
 ^
configure:6694: $? = 0
configure:6694: result: yes
configure:6694: checking vector presence
configure:6694: g++ -E  -O3  conftest.cpp
conftest.cpp:11:0: warning: "__cplusplus" redefined [enabled by default]
 #define __cplusplus 1
 ^
conftest.cpp:1:0: note: this is the location of the previous definition
 /* confdefs.h */
 ^
configure:6694: $? = 0
configure:6694: result: yes
configure:6694: checking for vector
configure:6694: result: yes
configure:6706: checking for size_t
configure:6706: g++ -c   -O3  conftest.cpp >&5
conftest.cpp:11:0: warning: "__cplusplus" redefined [enabled by default]
 #define __cplusplus 1
 ^
conftest.cpp:1:0: note: this is the location of the previous definition
 /* confdefs.h */
 ^
configure:6706: $? = 0
configure:6706: g++ -c   -O3  conftest.cpp >&5
conftest.cpp:11:0: warning: "__cplusplus" redefined [enabled by default]
 #define __cplusplus 1
 ^
conftest.cpp:1:0: note: this is the location of the previous definition
 /* confdefs.h */
 ^
conftest.cpp: In function 'int main()':
conftest.cpp:59:20: error: expected primary-expression before ')' token
 if (sizeof ((size_t)))
                    ^
configure:6706: $? = 1
configure: failed program was:
| /* confdefs.h */
| #define PACKAGE_NAME "CPSP"
| #define PACKAGE_TARNAME "cpsp"
| #define PACKAGE_VERSION "2.4.6"
| #define PACKAGE_STRING "CPSP 2.4.6"
| #define PACKAGE_BUGREPORT ""
| #define PACKAGE_URL "http://cpsp.informatik.uni-freiburg.de"
| #define NDEBUG 1
| #define PACKAGE "cpsp"
| #define VERSION "2.4.6"
| #define __cplusplus 1
| #define HAVE_SYS_TYPES_H 1
| #define HAVE_SYS_STAT_H 1
| #define HAVE_STDLIB_H 1
| #define HAVE_STRING_H 1
| #define HAVE_MEMORY_H 1
| #define HAVE_STRINGS_H 1
| #define HAVE_INTTYPES_H 1
| #define HAVE_STDINT_H 1
| #define HAVE_UNISTD_H 1
| #define HAVE_VECTOR 1
| /* end confdefs.h.  */
| #include <stdio.h>
| #ifdef HAVE_SYS_TYPES_H
| # include <sys/types.h>
| #endif
| #ifdef HAVE_SYS_STAT_H
| # include <sys/stat.h>
| #endif
| #ifdef STDC_HEADERS
| # include <stdlib.h>
| # include <stddef.h>
| #else
| # ifdef HAVE_STDLIB_H
| #  include <stdlib.h>
| # endif
| #endif
| #ifdef HAVE_STRING_H
| # if !defined STDC_HEADERS && defined HAVE_MEMORY_H
| #  include <memory.h>
| # endif
| # include <string.h>
| #endif
| #ifdef HAVE_STRINGS_H
| # include <strings.h>
| #endif
| #ifdef HAVE_INTTYPES_H
| # include <inttypes.h>
| #endif
| #ifdef HAVE_STDINT_H
| # include <stdint.h>
| #endif
| #ifdef HAVE_UNISTD_H
| # include <unistd.h>
| #endif
| int
| main ()
| {
| if (sizeof ((size_t)))
| 	    return 0;
|   ;
|   return 0;
| }
configure:6706: result: yes
configure:6719: checking for the BIU C++ library
configure:6732: g++ -c   -O3  conftest.cpp >&5
conftest.cpp:11:0: warning: "__cplusplus" redefined [enabled by default]
 #define __cplusplus 1
 ^
conftest.cpp:1:0: note: this is the location of the previous definition
 /* confdefs.h */
 ^
conftest.cpp:23:30: fatal error: biu/VirtualList.hh: No such file or directory
 #include <biu/VirtualList.hh>
                              ^
compilation terminated.
configure:6732: $? = 1
configure: failed program was:
| /* confdefs.h */
| #define PACKAGE_NAME "CPSP"
| #define PACKAGE_TARNAME "cpsp"
| #define PACKAGE_VERSION "2.4.6"
| #define PACKAGE_STRING "CPSP 2.4.6"
| #define PACKAGE_BUGREPORT ""
| #define PACKAGE_URL "http://cpsp.informatik.uni-freiburg.de"
| #define NDEBUG 1
| #define PACKAGE "cpsp"
| #define VERSION "2.4.6"
| #define __cplusplus 1
| #define HAVE_SYS_TYPES_H 1
| #define HAVE_SYS_STAT_H 1
| #define HAVE_STDLIB_H 1
| #define HAVE_STRING_H 1
| #define HAVE_MEMORY_H 1
| #define HAVE_STRINGS_H 1
| #define HAVE_INTTYPES_H 1
| #define HAVE_STDINT_H 1
| #define HAVE_UNISTD_H 1
| #define HAVE_VECTOR 1
| /* end confdefs.h.  */
| #include <biu/VirtualList.hh>
| int
| main ()
| {
| return 0;
|   ;
|   return 0;
| }
configure:6740: result: no
configure:6749: checking for the Gecode C++ library
configure:6762: g++ -c   -O3  conftest.cpp >&5
conftest.cpp:11:0: warning: "__cplusplus" redefined [enabled by default]
 #define __cplusplus 1
 ^
conftest.cpp:1:0: note: this is the location of the previous definition
 /* confdefs.h */
 ^
conftest.cpp:23:28: fatal error: gecode/kernel.hh: No such file or directory
 #include <gecode/kernel.hh>
                            ^
compilation terminated.
configure:6762: $? = 1
configure: failed program was:
| /* confdefs.h */
| #define PACKAGE_NAME "CPSP"
| #define PACKAGE_TARNAME "cpsp"
| #define PACKAGE_VERSION "2.4.6"
| #define PACKAGE_STRING "CPSP 2.4.6"
| #define PACKAGE_BUGREPORT ""
| #define PACKAGE_URL "http://cpsp.informatik.uni-freiburg.de"
| #define NDEBUG 1
| #define PACKAGE "cpsp"
| #define VERSION "2.4.6"
| #define __cplusplus 1
| #define HAVE_SYS_TYPES_H 1
| #define HAVE_SYS_STAT_H 1
| #define HAVE_STDLIB_H 1
| #define HAVE_STRING_H 1
| #define HAVE_MEMORY_H 1
| #define HAVE_STRINGS_H 1
| #define HAVE_INTTYPES_H 1
| #define HAVE_STDINT_H 1
| #define HAVE_UNISTD_H 1
| #define HAVE_VECTOR 1
| /* end confdefs.h.  */
| #include <gecode/kernel.hh>
| int
| main ()
| {
| return 0;
|   ;
|   return 0;
| }
configure:6770: result: no
configure:6784: 
configure:6786: the BIU C++ library is required for building CPSP-tools.
configure:6788: it can be obtained from http://www.bioinf.uni-freiburg.de/SW/BIU/.
configure:6790: 
configure:6796: if BIU is installed elsewhere use --with-BIU=prefix.
configure:6804: 
configure:6806: the Gecode C++ library is required for building CPSP-tools.
configure:6808: it can be obtained from http://www.gecode.org.
configure:6810: 
configure:6816: if Gecode is installed elsewhere use --with-gecode=prefix.
configure:6826: 
configure:6828: error: library not found! Try './configure --help'.

## ---------------- ##
## Cache variables. ##
## ---------------- ##

ac_cv_build=x86_64-unknown-linux-gnu
ac_cv_c_compiler_gnu=yes
ac_cv_cxx_compiler_gnu=yes
ac_cv_env_CCC_set=
ac_cv_env_CCC_value=
ac_cv_env_CC_set=
ac_cv_env_CC_value=
ac_cv_env_CFLAGS_set=
ac_cv_env_CFLAGS_value=
ac_cv_env_CPPFLAGS_set=
ac_cv_env_CPPFLAGS_value=
ac_cv_env_CXXCPP_set=
ac_cv_env_CXXCPP_value=
ac_cv_env_CXXFLAGS_set=
ac_cv_env_CXXFLAGS_value=
ac_cv_env_CXX_set=
ac_cv_env_CXX_value=
ac_cv_env_DOXYGEN_PAPER_SIZE_set=
ac_cv_env_DOXYGEN_PAPER_SIZE_value=
ac_cv_env_LDFLAGS_set=
ac_cv_env_LDFLAGS_value=
ac_cv_env_LIBS_set=
ac_cv_env_LIBS_value=
ac_cv_env_build_alias_set=
ac_cv_env_build_alias_value=
ac_cv_env_host_alias_set=
ac_cv_env_host_alias_value=
ac_cv_env_target_alias_set=
ac_cv_env_target_alias_value=
ac_cv_header_inttypes_h=yes
ac_cv_header_memory_h=yes
ac_cv_header_stdc=no
ac_cv_header_stdint_h=yes
ac_cv_header_stdlib_h=yes
ac_cv_header_string_h=yes
ac_cv_header_strings_h=yes
ac_cv_header_sys_stat_h=yes
ac_cv_header_sys_types_h=yes
ac_cv_header_unistd_h=yes
ac_cv_header_vector=yes
ac_cv_host=x86_64-unknown-linux-gnu
ac_cv_objext=o
ac_cv_path_EGREP='/bin/grep -E'
ac_cv_path_GREP=/bin/grep
ac_cv_path_ac_pt_DX_PERL=/usr/bin/perl
ac_cv_path_install='/usr/bin/install -c'
ac_cv_path_mkdir=/bin/mkdir
ac_cv_prog_AWK=gawk
ac_cv_prog_CXXCPP='g++ -E'
ac_cv_prog_ac_ct_CC=gcc
ac_cv_prog_ac_ct_CXX=g++
ac_cv_prog_ac_ct_RANLIB=ranlib
ac_cv_prog_cc_c89=
ac_cv_prog_cc_g=yes
ac_cv_prog_cxx_g=yes
ac_cv_prog_make_make_set=yes
ac_cv_type_size_t=yes
am_cv_CC_dependencies_compiler_type=gcc3
am_cv_CXX_dependencies_compiler_type=gcc3

## ----------------- ##
## Output variables. ##
## ----------------- ##

ACLOCAL='${SHELL} /home/videmp/Downloads/cpsp-2.4.6/missing --run aclocal-1.11'
AMDEPBACKSLASH='\'
AMDEP_FALSE='#'
AMDEP_TRUE=''
AMTAR='${SHELL} /home/videmp/Downloads/cpsp-2.4.6/missing --run tar'
AUTOCONF='${SHELL} /home/videmp/Downloads/cpsp-2.4.6/missing --run autoconf'
AUTOHEADER='${SHELL} /home/videmp/Downloads/cpsp-2.4.6/missing --run autoheader'
AUTOMAKE='${SHELL} /home/videmp/Downloads/cpsp-2.4.6/missing --run automake-1.11'
AWK='gawk'
CC='gcc'
CCDEPMODE='depmode=gcc3'
CFLAGS=''
CPPFLAGS=' -O3 '
CXX='g++'
CXXCPP='g++ -E'
CXXDEPMODE='depmode=gcc3'
CXXFLAGS=''
CYGPATH_W='echo'
DEFS=''
DEPDIR='.deps'
DOXYGEN_PAPER_SIZE=''
DX_COND_chi_FALSE=''
DX_COND_chi_TRUE='#'
DX_COND_chm_FALSE=''
DX_COND_chm_TRUE='#'
DX_COND_doc_FALSE=''
DX_COND_doc_TRUE='#'
DX_COND_dot_FALSE=''
DX_COND_dot_TRUE='#'
DX_COND_html_FALSE=''
DX_COND_html_TRUE='#'
DX_COND_latex_FALSE=''
DX_COND_latex_TRUE='#'
DX_COND_man_FALSE=''
DX_COND_man_TRUE='#'
DX_COND_pdf_FALSE=''
DX_COND_pdf_TRUE='#'
DX_COND_ps_FALSE=''
DX_COND_ps_TRUE='#'
DX_COND_rtf_FALSE=''
DX_COND_rtf_TRUE='#'
DX_COND_xml_FALSE=''
DX_COND_xml_TRUE='#'
DX_CONFIG='misc/doxygen/doxygen.config'
DX_DOCDIR='doc'
DX_DOT=''
DX_DOXYGEN=''
DX_DVIPS=''
DX_EGREP=''
DX_ENV=' SRCDIR='\''.'\'' PROJECT='\''cpsp'\'' DOCDIR='\''doc'\'' VERSION='\''2.4.6'\'' HAVE_DOT='\''NO'\'' GENERATE_MAN='\''NO'\'' GENERATE_RTF='\''NO'\'' GENERATE_XML='\''NO'\'' GENERATE_HTMLHELP='\''NO'\'' GENERATE_CHI='\''NO'\'' GENERATE_HTML='\''NO'\'' GENERATE_LATEX='\''NO'\'''
DX_FLAG_DX_CURRENT_FEATURE=''
DX_FLAG_chi='0'
DX_FLAG_chm='0'
DX_FLAG_doc='0'
DX_FLAG_dot='0'
DX_FLAG_html='0'
DX_FLAG_man='0'
DX_FLAG_pdf='0'
DX_FLAG_ps='0'
DX_FLAG_rtf='0'
DX_FLAG_xml='0'
DX_HHC=''
DX_LATEX=''
DX_MAKEINDEX=''
DX_PDFLATEX=''
DX_PERL='/usr/bin/perl'
DX_PROJECT='cpsp'
ECHO_C=''
ECHO_N='-n'
ECHO_T=''
EGREP='/bin/grep -E'
EXEEXT=''
GLOBALCPPFLAGS=' -O3 '
GLOBALLDFLAGS=''
GREP='/bin/grep'
INSTALL_DATA='${INSTALL} -m 644'
INSTALL_PROGRAM='${INSTALL}'
INSTALL_SCRIPT='${INSTALL}'
INSTALL_STRIP_PROGRAM='$(install_sh) -c -s'
LDFLAGS=''
LIBOBJS=''
LIBS='-lgecodeminimodel -lgecodeint -lgecodesearch -lgecodekernel -lbiu '
LTLIBOBJS=''
MAKEINFO='${SHELL} /home/videmp/Downloads/cpsp-2.4.6/missing --run makeinfo'
MKDIR_P='/bin/mkdir -p'
OBJEXT='o'
PACKAGE='cpsp'
PACKAGE_BUGREPORT=''
PACKAGE_NAME='CPSP'
PACKAGE_STRING='CPSP 2.4.6'
PACKAGE_TARNAME='cpsp'
PACKAGE_URL='http://cpsp.informatik.uni-freiburg.de'
PACKAGE_VERSION='2.4.6'
PATH_SEPARATOR=':'
RANLIB='ranlib'
SET_MAKE=''
SHELL='/bin/bash'
STRIP=''
VERSION='2.4.6'
ac_ct_CC='gcc'
ac_ct_CXX='g++'
am__EXEEXT_FALSE=''
am__EXEEXT_TRUE=''
am__fastdepCC_FALSE='#'
am__fastdepCC_TRUE=''
am__fastdepCXX_FALSE='#'
am__fastdepCXX_TRUE=''
am__include='include'
am__isrc=''
am__leading_dot='.'
am__quote=''
am__tar='${AMTAR} chof - "$$tardir"'
am__untar='${AMTAR} xf -'
bindir='${exec_prefix}/bin'
build='x86_64-unknown-linux-gnu'
build_alias=''
build_cpu='x86_64'
build_os='linux-gnu'
build_vendor='unknown'
datadir='${datarootdir}'
datarootdir='${prefix}/share'
docdir='${datarootdir}/doc/${PACKAGE_TARNAME}'
dvidir='${docdir}'
exec_prefix='NONE'
host='x86_64-unknown-linux-gnu'
host_alias=''
host_cpu='x86_64'
host_os='linux-gnu'
host_vendor='unknown'
htmldir='${docdir}'
includedir='${prefix}/include'
infodir='${datarootdir}/info'
install_sh='${SHELL} /home/videmp/Downloads/cpsp-2.4.6/install-sh'
libdir='${exec_prefix}/lib'
libexecdir='${exec_prefix}/libexec'
localedir='${datarootdir}/locale'
localstatedir='${prefix}/var'
mandir='${datarootdir}/man'
mkdir_p='/bin/mkdir -p'
oldincludedir='/usr/include'
pdfdir='${docdir}'
prefix='/home/videmp/Downloads/cpsp-2.4.6/install_dir'
program_transform_name='s,x,x,'
psdir='${docdir}'
sbindir='${exec_prefix}/sbin'
sharedstatedir='${prefix}/com'
sysconfdir='${prefix}/etc'
target_alias=''

## ----------- ##
## confdefs.h. ##
## ----------- ##

/* confdefs.h */
#define PACKAGE_NAME "CPSP"
#define PACKAGE_TARNAME "cpsp"
#define PACKAGE_VERSION "2.4.6"
#define PACKAGE_STRING "CPSP 2.4.6"
#define PACKAGE_BUGREPORT ""
#define PACKAGE_URL "http://cpsp.informatik.uni-freiburg.de"
#define NDEBUG 1
#define PACKAGE "cpsp"
#define VERSION "2.4.6"
#define __cplusplus 1
#define HAVE_SYS_TYPES_H 1
#define HAVE_SYS_STAT_H 1
#define HAVE_STDLIB_H 1
#define HAVE_STRING_H 1
#define HAVE_MEMORY_H 1
#define HAVE_STRINGS_H 1
#define HAVE_INTTYPES_H 1
#define HAVE_STDINT_H 1
#define HAVE_UNISTD_H 1
#define HAVE_VECTOR 1

configure: exit 1
